Opening /Users/anne/git/rpg/tiled/house3.tmx ...
Parsing map root ...
Parsing tileset elements ...
Parse internal tileset 'hyptosis_tile-art-batch-4' (gid = 1) ...
Added 900 tiles
Parse internal tileset 'hyptosis_til-art-batch-2' (gid = 901) ...
Added 900 tiles
Parse internal tileset 'red' (gid = 1801) ...
Added 1 tiles
Parse tile data (gid = 1801, id 0) ...
Parsing objects in object group ''
Parsing object ...
Parsing layer elements ...
Parse Tile Layer 1 layer data ...
Parsing layer data as base64 zlib-compressed string ...
Parse Tile Layer 3 layer data ...
Parsing layer data as base64 zlib-compressed string ...
Parse Tile Layer 2 layer data ...
Parsing layer data as base64 zlib-compressed string ...
Parse collissions layer data ...
Parsing layer data as base64 zlib-compressed string ...
Parsing objectgroup elements ...
Map details: { "0" size = 10x10, tile size = 32x32, # tiles = 1801, # layers = 4, # obj groups = 0 }
Finished parsing file: /Users/anne/git/rpg/tiled/house3.tmx
Compiling tiled2unity file: house3.tiled2unity.xml
Writing 'mesh_0001' mesh group
Writing 'mesh_0002' mesh group
Writing 'mesh_0003' mesh group
Writing 'mesh_0004' mesh group
Writing face vertices
Writing face uv coordinates
ImportTexture : will import '/Users/anne/git/rpg/tiled/hyptosis/hyptosis_til-art-batch-2.png' to /Users/anne/git/rpg/unity/rpg-test/Assets/Tiled2Unity/Assets/Tiled2Unity\Textures\
ImportTexture : will import '/Users/anne/git/rpg/tiled/red.png' to /Users/anne/git/rpg/unity/rpg-test/Assets/Tiled2Unity/Assets/Tiled2Unity\Textures\
Gathering prefab data ...
Clipping 'Tile Layer 1' polygons: 100%
Clipping 'Tile Layer 3' polygons: 100%
Clipping 'Tile Layer 2' polygons: 100%
Clipping 'collissions' polygons: 0%
Clipping 'collissions' polygons: 100%
Writing as Xml ...
Exporting to: /Users/anne/git/rpg/unity/rpg-test/Assets/Tiled2Unity/Imported/house3.tiled2unity.xml
Succesfully exported: /Users/anne/git/rpg/unity/rpg-test/Assets/Tiled2Unity/Imported/house3.tiled2unity.xml
  vertex scale = 0.01
